platforms/tempPlugin/nativescript_image_cache_it/build/outputs/logs/manifest-merger-release-report.txt
-- Merging decision tree log ---
manifest
ADDED from src\main\AndroidManifest.xml:2:1-126
INJECTED from src\main\AndroidManifest.xml:2:1-126
INJECTED from src\main\AndroidManifest.xml:2:1-126
INJECTED from src\main\AndroidManifest.xml:2:1-126
INJECTED from src\main\AndroidManifest.xml:2:1-126
INJECTED from src\main\AndroidManifest.xml:2:1-126
INJECTED from src\main\AndroidManifest.xml:2:1-126
	package
		ADDED from src\main\AndroidManifest.xml:2:70-124
		INJECTED from src\main\AndroidManifest.xml
		INJECTED from src\main\AndroidManifest.xml
	android:versionName
		INJECTED from src\main\AndroidManifest.xml
		ADDED from src\main\AndroidManifest.xml:2:1-126
		INJECTED from src\main\AndroidManifest.xml
	android:versionCode
		INJECTED from src\main\AndroidManifest.xml
		ADDED from src\main\AndroidManifest.xml:2:1-126
		INJECTED from src\main\AndroidManifest.xml
	xmlns:android
		ADDED from src\main\AndroidManifest.xml:2:11-69
uses-sdk
INJECTED from src\main\AndroidManifest.xml reason: use-sdk injection requested
INJECTED from src\main\AndroidManifest.xml
INJECTED from src\main\AndroidManifest.xml
	android:targetSdkVersion
		INJECTED from src\main\AndroidManifest.xml
		ADDED from src\main\AndroidManifest.xml
		INJECTED from src\main\AndroidManifest.xml